<component name="libraryTable">
  <library name="junit.jupiter" type="repository">
    <CLASSES />
    <JAVADOC />
    <SOURCES />
  </library>
</component>